0 info it worked if it ends with ok
1 verbose cli [ 'C:\\Program Files\\nodejs\\\\node.exe',
1 verbose cli   'C:\\Program Files\\nodejs\\node_modules\\npm\\bin\\npm-cli.js',
1 verbose cli   'show',
1 verbose cli   'cake' ]
2 info using npm@1.2.23
3 info using node@v0.10.8
4 verbose node symlink C:\Program Files\nodejs\\node.exe
5 verbose url raw cake
6 verbose url resolving [ 'https://registry.npmjs.org/', './cake' ]
7 verbose url resolved https://registry.npmjs.org/cake
8 info trying registry request attempt 1 at 02:21:22
9 http GET https://registry.npmjs.org/cake
10 http 404 https://registry.npmjs.org/cake
11 silly registry.get cb [ 404,
11 silly registry.get   { server: 'CouchDB/1.3.0 (Erlang OTP/R15B03)',
11 silly registry.get     date: 'Wed, 29 May 2013 06:21:23 GMT',
11 silly registry.get     'content-type': 'application/json',
11 silly registry.get     'content-length': '52',
11 silly registry.get     'cache-control': 'must-revalidate' } ]
12 error 404 'cake' is not in the npm registry.
12 error 404 You should bug the author to publish it
12 error 404
12 error 404 Note that you can also install from a
12 error 404 tarball, folder, or http url, or git url.
13 error System Windows_NT 6.2.9200
14 error command "C:\\Program Files\\nodejs\\\\node.exe" "C:\\Program Files\\nodejs\\node_modules\\npm\\bin\\npm-cli.js" "show" "cake"
15 error cwd C:\Projects\GitHub\Byldit\src
16 error node -v v0.10.8
17 error npm -v 1.2.23
18 error code E404
19 verbose exit [ 1, true ]
